<?xml version="1.0" encoding="UTF-8"?>
<testsuite xmlns:xsi="http://www.w3.org/2001/XMLSchema-instance" xsi:noNamespaceSchemaLocation="https://maven.apache.org/surefire/maven-surefire-plugin/xsd/surefire-test-report.xsd" version="3.0.2" name="com.dominio.bloques.bloques.logicatest.BloquesLetrasTest" time="0.038" tests="9" errors="0" skipped="0" failures="0">
  <properties>
    <property name="java.specification.version" value="20"/>
    <property name="sun.cpu.isalist" value="amd64"/>
    <property name="sun.jnu.encoding" value="Cp1252"/>
    <property name="java.class.path" value="C:\Users\echav\OneDrive\Escritorio\LoggroPruebaTecnica\Bloques\target\test-classes;C:\Users\echav\OneDrive\Escritorio\LoggroPruebaTecnica\Bloques\target\classes;C:\Users\echav\.m2\repository\org\junit\jupiter\junit-jupiter\5.13.3\junit-jupiter-5.13.3.jar;C:\Users\echav\.m2\repository\org\junit\jupiter\junit-jupiter-api\5.13.3\junit-jupiter-api-5.13.3.jar;C:\Users\echav\.m2\repository\org\opentest4j\opentest4j\1.3.0\opentest4j-1.3.0.jar;C:\Users\echav\.m2\repository\org\junit\platform\junit-platform-commons\1.13.3\junit-platform-commons-1.13.3.jar;C:\Users\echav\.m2\repository\org\apiguardian\apiguardian-api\1.1.2\apiguardian-api-1.1.2.jar;C:\Users\echav\.m2\repository\org\junit\jupiter\junit-jupiter-params\5.13.3\junit-jupiter-params-5.13.3.jar;C:\Users\echav\.m2\repository\org\junit\jupiter\junit-jupiter-engine\5.13.3\junit-jupiter-engine-5.13.3.jar;C:\Users\echav\.m2\repository\org\junit\platform\junit-platform-engine\1.13.3\junit-platform-engine-1.13.3.jar;"/>
    <property name="java.vm.vendor" value="Oracle Corporation"/>
    <property name="sun.arch.data.model" value="64"/>
    <property name="user.variant" value=""/>
    <property name="java.vendor.url" value="https://java.oracle.com/"/>
    <property name="user.timezone" value="America/Bogota"/>
    <property name="os.name" value="Windows 11"/>
    <property name="java.vm.specification.version" value="20"/>
    <property name="sun.java.launcher" value="SUN_STANDARD"/>
    <property name="user.country" value="419"/>
    <property name="sun.boot.library.path" value="C:\Program Files\Java\jdk-20\bin"/>
    <property name="sun.java.command" value="C:\Users\echav\AppData\Local\Temp\surefire17048844444135367150\surefirebooter-20250724200115816_3.jar C:\Users\echav\AppData\Local\Temp\surefire17048844444135367150 2025-07-24T20-01-15_718-jvmRun1 surefire-20250724200115816_1tmp surefire_0-20250724200115816_2tmp"/>
    <property name="jdk.debug" value="release"/>
    <property name="surefire.test.class.path" value="C:\Users\echav\OneDrive\Escritorio\LoggroPruebaTecnica\Bloques\target\test-classes;C:\Users\echav\OneDrive\Escritorio\LoggroPruebaTecnica\Bloques\target\classes;C:\Users\echav\.m2\repository\org\junit\jupiter\junit-jupiter\5.13.3\junit-jupiter-5.13.3.jar;C:\Users\echav\.m2\repository\org\junit\jupiter\junit-jupiter-api\5.13.3\junit-jupiter-api-5.13.3.jar;C:\Users\echav\.m2\repository\org\opentest4j\opentest4j\1.3.0\opentest4j-1.3.0.jar;C:\Users\echav\.m2\repository\org\junit\platform\junit-platform-commons\1.13.3\junit-platform-commons-1.13.3.jar;C:\Users\echav\.m2\repository\org\apiguardian\apiguardian-api\1.1.2\apiguardian-api-1.1.2.jar;C:\Users\echav\.m2\repository\org\junit\jupiter\junit-jupiter-params\5.13.3\junit-jupiter-params-5.13.3.jar;C:\Users\echav\.m2\repository\org\junit\jupiter\junit-jupiter-engine\5.13.3\junit-jupiter-engine-5.13.3.jar;C:\Users\echav\.m2\repository\org\junit\platform\junit-platform-engine\1.13.3\junit-platform-engine-1.13.3.jar;"/>
    <property name="sun.cpu.endian" value="little"/>
    <property name="user.home" value="C:\Users\echav"/>
    <property name="user.language" value="es"/>
    <property name="java.specification.vendor" value="Oracle Corporation"/>
    <property name="java.version.date" value="2023-04-18"/>
    <property name="java.home" value="C:\Program Files\Java\jdk-20"/>
    <property name="file.separator" value="\"/>
    <property name="basedir" value="C:\Users\echav\OneDrive\Escritorio\LoggroPruebaTecnica\Bloques"/>
    <property name="java.vm.compressedOopsMode" value="Zero based"/>
    <property name="line.separator" value="&#10;"/>
    <property name="java.vm.specification.vendor" value="Oracle Corporation"/>
    <property name="java.specification.name" value="Java Platform API Specification"/>
    <property name="surefire.real.class.path" value="C:\Users\echav\AppData\Local\Temp\surefire17048844444135367150\surefirebooter-20250724200115816_3.jar"/>
    <property name="user.script" value=""/>
    <property name="sun.management.compiler" value="HotSpot 64-Bit Tiered Compilers"/>
    <property name="java.runtime.version" value="20.0.1+9-29"/>
    <property name="user.name" value="echav"/>
    <property name="stdout.encoding" value="Cp1252"/>
    <property name="path.separator" value=";"/>
    <property name="os.version" value="10.0"/>
    <property name="java.runtime.name" value="Java(TM) SE Runtime Environment"/>
    <property name="file.encoding" value="UTF-8"/>
    <property name="java.vm.name" value="Java HotSpot(TM) 64-Bit Server VM"/>
    <property name="localRepository" value="C:\Users\echav\.m2\repository"/>
    <property name="java.vendor.url.bug" value="https://bugreport.java.com/bugreport/"/>
    <property name="java.io.tmpdir" value="C:\Users\echav\AppData\Local\Temp\"/>
    <property name="java.version" value="20.0.1"/>
    <property name="user.dir" value="C:\Users\echav\OneDrive\Escritorio\LoggroPruebaTecnica\Bloques"/>
    <property name="os.arch" value="amd64"/>
    <property name="java.vm.specification.name" value="Java Virtual Machine Specification"/>
    <property name="sun.os.patch.level" value=""/>
    <property name="native.encoding" value="Cp1252"/>
    <property name="java.library.path" value="C:\Program Files\Java\jdk-20\bin;C:\WINDOWS\Sun\Java\bin;C:\WINDOWS\system32;C:\WINDOWS;C:\Python313\Scripts\;C:\Python313\;C:\app\echav\product\21c\dbhomeXE\bin;C:\Users\echav\Downloads\WINDOWS.X64_193000_db_home\bin;C:\Program Files\Common Files\Oracle\Java\javapath;C:\Windows\system32;C:\Windows;C:\Windows\System32\Wbem;C:\Windows\System32\WindowsPowerShell\v1.0\;C:\Windows\System32\OpenSSH\;C:\Program Files\NVIDIA Corporation\NVIDIA NvDLISR;C:\Program Files (x86)\NVIDIA Corporation\PhysX\Common;C:\Users\echav\AppData\Local\Programs\Git\cmd;C:\Program Files\Java\jdk-20\bin;C:\WINDOWS\system32;C:\WINDOWS;C:\WINDOWS\System32\Wbem;C:\WINDOWS\System32\WindowsPowerShell\v1.0\;C:\WINDOWS\System32\OpenSSH\;C:\Users\echav\AppData\Local\nvm;C:\nvm4w\nodejs;C:\ProgramData\chocolatey\bin;C:\Program Files\nodejs\;C:\Program Files\MySQL\MySQL Shell 8.0\bin\;C:\Users\echav\AppData\Local\Microsoft\WindowsApps;C:\Users\echav\AppData\Local\Programs\Microsoft VS Code\bin;C:\Users\echav\AppData\Local\nvm;C:\nvm4w\nodejs;C:\Users\echav\AppData\Roaming\npm;C:\Program Files\Java\jdk-20;C:\apache-maven-3.9.11\bin;;."/>
    <property name="java.vm.info" value="mixed mode, sharing"/>
    <property name="stderr.encoding" value="Cp1252"/>
    <property name="java.vendor" value="Oracle Corporation"/>
    <property name="java.vm.version" value="20.0.1+9-29"/>
    <property name="sun.io.unicode.encoding" value="UnicodeLittle"/>
    <property name="java.class.version" value="64.0"/>
  </properties>
  <testcase name="palabraConSimbolosFalse" classname="com.dominio.bloques.bloques.logicatest.BloquesLetrasTest" time="0.012">
    <system-out><![CDATA[Texto ingresado no permitido por el siguiente motivo:  java.lang.IllegalArgumentException: Solo es permitido ingresar palabras , las cuales no deben contener numeros
]]></system-out>
  </testcase>
  <testcase name="palabraConNumerosFalse" classname="com.dominio.bloques.bloques.logicatest.BloquesLetrasTest" time="0.001">
    <system-out><![CDATA[Texto ingresado no permitido por el siguiente motivo:  java.lang.IllegalArgumentException: Solo es permitido ingresar palabras , las cuales no deben contener numeros
]]></system-out>
  </testcase>
  <testcase name="caracterConBloquesTrue" classname="com.dominio.bloques.bloques.logicatest.BloquesLetrasTest" time="0.002"/>
  <testcase name="palabraConMayusculaYMinusculaTrue" classname="com.dominio.bloques.bloques.logicatest.BloquesLetrasTest" time="0.001"/>
  <testcase name="palabraConBloquesFalse" classname="com.dominio.bloques.bloques.logicatest.BloquesLetrasTest" time="0.001"/>
  <testcase name="palabraVaciaFalse" classname="com.dominio.bloques.bloques.logicatest.BloquesLetrasTest" time="0.001">
    <system-out><![CDATA[Texto ingresado no permitido por el siguiente motivo:  java.lang.IllegalArgumentException: La palabra no puede estar vacÃ­a o contener algun espacio
]]></system-out>
  </testcase>
  <testcase name="palabraConBloquesTrue" classname="com.dominio.bloques.bloques.logicatest.BloquesLetrasTest" time="0.0"/>
  <testcase name="palabraConBloquesRepetidosFalse" classname="com.dominio.bloques.bloques.logicatest.BloquesLetrasTest" time="0.0"/>
  <testcase name="entradaNulaFalse" classname="com.dominio.bloques.bloques.logicatest.BloquesLetrasTest" time="0.0">
    <system-out><![CDATA[Texto ingresado no permitido por el siguiente motivo:  java.lang.IllegalArgumentException: La palabra ingresada no puede ser nula.
]]></system-out>
  </testcase>
</testsuite>